[02:37:31.606][INFO][CraftTweaker-EarlyInit]: CraftTweaker is running on a Minecraft 1.20.1 production server modded with platform Forge
[02:37:31.620][INFO][CraftTweaker-EarlyInit]: Successfully injected RecipeFS file system
[02:37:31.674][INFO][CraftTweaker-Plugins]: Successfully identified and loaded plugin crafttweaker:builtin
[02:37:31.676][INFO][CraftTweaker-Plugins]: Successfully identified and loaded plugin crafttweaker:builtin_forge
[02:37:32.444][INFO][CraftTweaker]: The following mods have explicit CraftTweaker support through the default plugin:
[02:37:32.445][INFO][CraftTweaker]: - 'crafttweaker' at version '14.0.57'
[02:37:32.445][INFO][CraftTweaker]: - 'ctjl' at version '1.20.1-1.3.0'
[02:37:32.743][WARN][CraftTweaker-ZenCode]: Attempting to register expansion for unknown type 'stdlib.Exception', carrying on anyways
[02:37:43.373][INFO][CraftTweaker-ZenCode]: Started loading scripts for loader 'initialize'
[02:37:43.923][INFO][CraftTweaker-ZenCode]: Compiling and executing scripts
[02:37:44.017][INFO][CraftTweaker-ZenCode]: Successfully initialized modules [crafttweaker, expansions]
[02:37:44.202][INFO][CraftTweaker-ZenCode]: Execution for loader 'initialize' completed successfully
[02:37:54.128][INFO][CraftTweaker-ZenCode]: Started loading scripts for loader 'tags'
[02:37:54.167][INFO][CraftTweaker-ZenCode]: Compiling and executing scripts
[02:37:54.187][INFO][CraftTweaker-ZenCode]: Successfully initialized modules [crafttweaker, expansions]
[02:37:54.203][INFO][CraftTweaker-ZenCode]: Execution for loader 'tags' completed successfully
[02:37:55.409][INFO][CraftTweaker]: crafttweaker.reload.start
[02:37:55.413][INFO][CraftTweaker-ZenCode]: Started loading scripts for loader 'crafttweaker'
[02:37:55.438][INFO][CraftTweaker-ZenCode]: Compiling and executing scripts
[02:37:55.909][INFO][CraftTweaker-ZenCode]: Successfully initialized modules [mods, crafttweaker, expansions]
[02:37:55.912][INFO][CraftTweaker-ZenCode]: Loading file 'mi_primer_script.zs' with priority 0
[02:37:55.940][INFO][CraftTweaker]: Removing 'crafting' recipes with output: '<item:firstaid:bandage>'
[02:37:55.953][INFO][CraftTweaker]: Adding 'minecraft:crafting' recipe, of type: "shaped", with name: 'crafttweaker:firstaid_vendaje_personalizado_final' that outputs: '<item:firstaid:bandage> * 2'
[02:37:55.953][INFO][CraftTweaker-ZenCode]: Execution for loader 'crafttweaker' completed successfully
[02:37:55.954][INFO][CraftTweaker]: crafttweaker.reload.complete
[02:37:55.955][INFO][CraftTweaker]: This reload was made possible by Spencer Gilbert and more! Become a patron at https://patreon.com/jaredlll08?s=crtmod
